<?xml version="1.0" encoding="UTF-8"?>
<!-- Generated by org.testng.reporters.JUnitReportReporter -->
<testsuite name="MavenProject.MavenProjectGit.newClass" tests="1" time="3.528" ignored="0" failures="0" timestamp="21 Oct 2017 20:04:00 GMT" skipped="0" hostname="EjiroghsMacBook.attlocal.net" errors="0">
  <testcase name="intializeDriver" time="3.528" classname="MavenProject.MavenProjectGit.newClass"/>
</testsuite> <!-- MavenProject.MavenProjectGit.newClass -->
