<?xml version="1.0" encoding="UTF-8"?>
<!-- Generated by org.testng.reporters.JUnitReportReporter -->
<testsuite hostname="EjiroghsMacBook.attlocal.net" name="FinalProject.ValidateTitle" tests="1" failures="0" timestamp="6 Oct 2017 14:18:50 GMT" time="8.747" errors="0">
  <testcase name="basePageNavigation" time="8.747" classname="FinalProject.ValidateTitle"/>
</testsuite> <!-- FinalProject.ValidateTitle -->
