<?xml version="1.0" encoding="UTF-8"?>
<!-- Generated by org.testng.reporters.JUnitReportReporter -->
<testsuite hostname="EjiroghsMacBook.attlocal.net" name="FinalProject.ValidateNavigationBar" tests="1" failures="0" timestamp="6 Oct 2017 14:18:50 GMT" time="6.050" errors="0">
  <testcase name="basePageNavigation" time="6.050" classname="FinalProject.ValidateNavigationBar"/>
</testsuite> <!-- FinalProject.ValidateNavigationBar -->
