<?xml version="1.0" encoding="UTF-8"?>
<!-- Generated by org.testng.reporters.JUnitReportReporter -->
<testsuite hostname="EjiroghsMacBook.attlocal.net" name="FinalProject.AppTest" tests="1" failures="0" timestamp="6 Oct 2017 14:18:50 GMT" time="0.001" errors="0">
  <testcase name="testApp" time="0.001" classname="FinalProject.AppTest"/>
</testsuite> <!-- FinalProject.AppTest -->
