<?xml version="1.0" encoding="UTF-8"?>
<!-- Generated by org.testng.reporters.JUnitReportReporter -->
<testsuite hostname="EjiroghsMacBook.attlocal.net" name="FinalProject.HomePage" tests="2" failures="0" timestamp="6 Oct 2017 14:18:50 GMT" time="22.440" errors="0">
  <testcase name="basePageNavigation" time="10.800" classname="FinalProject.HomePage"/>
  <testcase name="basePageNavigation" time="11.640" classname="FinalProject.HomePage"/>
</testsuite> <!-- FinalProject.HomePage -->
